<?xml version="1.0" encoding="UTF-8"?>
<testsuite name="com.s14014.tau.domain.PierwiastekTest" time="0.014" tests="5" errors="5" skipped="0" failures="0">
  <properties>
[...]
</properties>
  <testcase name="addTest" classname="com.s14014.tau.domain.PierwiastekTest" time="0.009">
    <error type="java.lang.NullPointerException:">java.lang.NullPointerException: null
	at com.s14014.tau.domain.PierwiastekTest.initRepository(PierwiastekTest.java:94)
</error>
  </testcase>
  <testcase name="findTest" classname="com.s14014.tau.domain.PierwiastekTest" time="0.001">
    <error type="java.lang.NullPointerException:">java.lang.NullPointerException: null
	at com.s14014.tau.domain.PierwiastekTest.initRepository(PierwiastekTest.java:94)
</error>
  </testcase>
  <testcase name="updateTest" classname="com.s14014.tau.domain.PierwiastekTest" time="0">
    <error type="java.lang.NullPointerException:">java.lang.NullPointerException: null
	at com.s14014.tau.domain.PierwiastekTest.initRepository(PierwiastekTest.java:94)
</error>
  </testcase>
  <testcase name="getAllTest" classname="com.s14014.tau.domain.PierwiastekTest" time="0">
    <error type="java.lang.NullPointerException:">java.lang.NullPointerException: null
	at com.s14014.tau.domain.PierwiastekTest.initRepository(PierwiastekTest.java:94)
</error>
  </testcase>
  <testcase name="deleteTest" classname="com.s14014.tau.domain.PierwiastekTest" time="0.004">
    <error type="java.lang.NullPointerException:">java.lang.NullPointerException: null
	at com.s14014.tau.domain.PierwiastekTest.initRepository(PierwiastekTest.java:94)
</error>
  </testcase>
</testsuite>